0 info it worked if it ends with ok
1 verbose cli [ '/usr/local/Cellar/node/6.5.0/bin/node',
1 verbose cli   '/usr/local/bin/npm',
1 verbose cli   'start' ]
2 info using npm@2.15.9
3 info using node@v6.5.0
4 verbose run-script [ 'prestart', 'start', 'poststart' ]
5 info prestart auth@1.0.0
6 info start auth@1.0.0
7 verbose unsafe-perm in lifecycle true
8 info auth@1.0.0 Failed to exec start script
9 verbose stack Error: auth@1.0.0 start: `node/server/app.js`
9 verbose stack spawn ENOENT
9 verbose stack     at ChildProcess.<anonymous> (/usr/local/lib/node_modules/npm/lib/utils/spawn.js:17:16)
9 verbose stack     at emitTwo (events.js:106:13)
9 verbose stack     at ChildProcess.emit (events.js:191:7)
9 verbose stack     at maybeClose (internal/child_process.js:877:16)
9 verbose stack     at Process.ChildProcess._handle.onexit (internal/child_process.js:226:5)
10 verbose pkgid auth@1.0.0
11 verbose cwd /Users/JOCONNOR/Desktop/auth0InClass(Justin)
12 error Darwin 15.6.0
13 error argv "/usr/local/Cellar/node/6.5.0/bin/node" "/usr/local/bin/npm" "start"
14 error node v6.5.0
15 error npm  v2.15.9
16 error file sh
17 error code ELIFECYCLE
18 error errno ENOENT
19 error syscall spawn
20 error auth@1.0.0 start: `node/server/app.js`
20 error spawn ENOENT
21 error Failed at the auth@1.0.0 start script 'node/server/app.js'.
21 error This is most likely a problem with the auth package,
21 error not with npm itself.
21 error Tell the author that this fails on your system:
21 error     node/server/app.js
21 error You can get information on how to open an issue for this project with:
21 error     npm bugs auth
21 error Or if that isn't available, you can get their info via:
21 error
21 error     npm owner ls auth
21 error There is likely additional logging output above.
22 verbose exit [ 1, true ]
